
R version 3.2.2 (2015-08-14) -- "Fire Safety"
Copyright (C) 2015 The R Foundation for Statistical Computing
Platform: x86_64-pc-linux-gnu (64-bit)

R is free software and comes with ABSOLUTELY NO WARRANTY.
You are welcome to redistribute it under certain conditions.
Type 'license()' or 'licence()' for distribution details.

  Natural language support but running in an English locale

R is a collaborative project with many contributors.
Type 'contributors()' for more information and
'citation()' on how to cite R or R packages in publications.

Type 'demo()' for some demos, 'help()' for on-line help, or
'help.start()' for an HTML browser interface to help.
Type 'q()' to quit R.

Warning: namespace ‘sFFLHD’ is not available and has been replaced
by .GlobalEnv when processing object ‘adapt.concept2.sFFLHD.RC’
[Previously saved workspace restored]

> 
> setwd('~/Research/DOE-code')
> lib.loc = "~/R/x86_64-unknown-linux-gnu-library/3.1"
> source('./compare_adaptconcept.R')
Loading required package: DoE.base
Loading required package: grid
Loading required package: conf.design

Attaching package: ‘DoE.base’

The following objects are masked from ‘package:stats’:

    aov, lm

The following object is masked from ‘package:graphics’:

    plot.design

The following object is masked from ‘package:base’:

    lengths

> 
> 
> # qsub <- function() {system('qsub /sscc/home/c/cbe117/Research/GPC/GPC_Codes/GPC_Submit.pbs')}
> # pbstat <- function() {system('pbstat')}
> # system('qsub /sscc/home/c/cbe117/Research/GPC/GPC_Codes/GPC_Submit.pbs -a 0254') # submit at a certain time
> 
> 
> compare.adapt(func=gaussian1, D=2, L=4, g=3, saveOutput=T)
     i          mse         pvar   method       num  time batch force force.to
1    1 1.981868e-02 2.564373e-04 nonadapt nonadapt1 1.579     1   old        0
2    2 2.562197e-02 9.565163e-04 nonadapt nonadapt1 1.579     1   old        0
3    3 1.854901e-02 3.705519e-04 nonadapt nonadapt1 1.579     1   old        0
4    4 2.566375e-02 3.794066e-04 nonadapt nonadapt1 1.579     1   old        0
5    5 3.225939e-03 1.587313e-02 nonadapt nonadapt1 1.579     1   old        0
6    6 1.716783e-03 9.679638e-03 nonadapt nonadapt1 1.579     1   old        0
7    7 1.304854e-03 7.625040e-03 nonadapt nonadapt1 1.579     1   old        0
8    8 1.129384e-03 4.446551e-03 nonadapt nonadapt1 1.579     1   old        0
9    9 7.305467e-04 3.344023e-03 nonadapt nonadapt1 1.579     1   old        0
10  10 7.683570e-04 1.800193e-03 nonadapt nonadapt1 1.579     1   old        0
11   1 3.238425e-02 4.104773e-04     grad     grad1 2.939     1   old        0
12   2 2.672303e-02 4.547899e-04     grad     grad1 2.939     1   old        0
13   3 1.507435e-02 5.963023e-04     grad     grad1 2.939     1   old        0
14   4 1.315294e-03 2.727307e-02     grad     grad1 2.939     1   old        0
15   5 9.074170e-04 1.917391e-02     grad     grad1 2.939     1   old        0
16   6 1.320847e-03 1.555832e-02     grad     grad1 2.939     1   old        0
17   7 2.588568e-04 1.275143e-02     grad     grad1 2.939     1   old        0
18   8 5.250165e-05 1.011505e-02     grad     grad1 2.939     1   old        0
19   9 9.147077e-05 8.631359e-03     grad     grad1 2.939     1   old        0
20  10 3.796584e-05 5.963091e-03     grad     grad1 2.939     1   old        0
21   1 3.006504e-02 3.520341e-05 nonadapt nonadapt2 0.824     2   old        0
22   2 1.358213e-02 1.251759e-02 nonadapt nonadapt2 0.824     2   old        0
23   3 1.584014e-02 7.810918e-03 nonadapt nonadapt2 0.824     2   old        0
24   4 8.382898e-03 8.429993e-03 nonadapt nonadapt2 0.824     2   old        0
25   5 3.713727e-03 7.192683e-03 nonadapt nonadapt2 0.824     2   old        0
26   6 2.564170e-03 4.544821e-03 nonadapt nonadapt2 0.824     2   old        0
27   7 1.490783e-03 4.490776e-03 nonadapt nonadapt2 0.824     2   old        0
28   8 1.209216e-03 3.244999e-03 nonadapt nonadapt2 0.824     2   old        0
29   9 4.326703e-04 3.898701e-03 nonadapt nonadapt2 0.824     2   old        0
30  10 3.814671e-04 3.241398e-03 nonadapt nonadapt2 0.824     2   old        0
31   1 2.552460e-02 4.518967e-07     grad     grad2 2.537     2   old        0
32   2 1.423108e-02 9.885022e-03     grad     grad2 2.537     2   old        0
33   3 1.053429e-02 5.780112e-03     grad     grad2 2.537     2   old        0
34   4 5.640297e-03 6.500599e-03     grad     grad2 2.537     2   old        0
35   5 1.060671e-03 1.717113e-02     grad     grad2 2.537     2   old        0
36   6 5.155488e-04 1.638261e-02     grad     grad2 2.537     2   old        0
37   7 5.404275e-04 1.279040e-02     grad     grad2 2.537     2   old        0
38   8 2.218061e-04 9.728046e-03     grad     grad2 2.537     2   old        0
39   9 9.322762e-05 7.555082e-03     grad     grad2 2.537     2   old        0
40  10 6.233491e-05 5.803038e-03     grad     grad2 2.537     2   old        0
41   1 3.273561e-02 5.412179e-06 nonadapt nonadapt3 0.886     3   old        0
42   2 3.460229e-02 2.887386e-03 nonadapt nonadapt3 0.886     3   old        0
43   3 1.680582e-02 1.608488e-03 nonadapt nonadapt3 0.886     3   old        0
44   4 6.310003e-03 3.619856e-03 nonadapt nonadapt3 0.886     3   old        0
45   5 8.541000e-03 2.248459e-03 nonadapt nonadapt3 0.886     3   old        0
46   6 3.796147e-03 2.049252e-03 nonadapt nonadapt3 0.886     3   old        0
47   7 9.725774e-03 2.030305e-03 nonadapt nonadapt3 0.886     3   old        0
48   8 4.373650e-03 1.667112e-03 nonadapt nonadapt3 0.886     3   old        0
49   9 1.011775e-03 4.063422e-03 nonadapt nonadapt3 0.886     3   old        0
50  10 9.757332e-04 2.983212e-03 nonadapt nonadapt3 0.886     3   old        0
51   1 2.523532e-02 5.252748e-06     grad     grad3 2.385     3   old        0
52   2 3.734259e-02 1.756592e-06     grad     grad3 2.385     3   old        0
53   3 1.111848e-02 1.193220e-02     grad     grad3 2.385     3   old        0
54   4 5.815671e-03 1.196131e-02     grad     grad3 2.385     3   old        0
55   5 1.099019e-03 1.891387e-02     grad     grad3 2.385     3   old        0
56   6 1.084428e-03 1.181219e-02     grad     grad3 2.385     3   old        0
57   7 2.908877e-04 1.165780e-02     grad     grad3 2.385     3   old        0
58   8 3.092303e-04 8.533928e-03     grad     grad3 2.385     3   old        0
59   9 6.613015e-05 6.981227e-03     grad     grad3 2.385     3   old        0
60  10 6.270155e-05 6.085968e-03     grad     grad3 2.385     3   old        0
61   1 2.790969e-02 2.336191e-04 nonadapt nonadapt4 0.923     4   old        0
62   2 1.553095e-02 1.190654e-02 nonadapt nonadapt4 0.923     4   old        0
63   3 1.354544e-02 8.131736e-03 nonadapt nonadapt4 0.923     4   old        0
64   4 6.622140e-03 3.534891e-03 nonadapt nonadapt4 0.923     4   old        0
65   5 5.130967e-03 4.483857e-03 nonadapt nonadapt4 0.923     4   old        0
66   6 6.296143e-03 3.306451e-03 nonadapt nonadapt4 0.923     4   old        0
67   7 4.992108e-03 2.950241e-03 nonadapt nonadapt4 0.923     4   old        0
68   8 4.444449e-03 3.784113e-03 nonadapt nonadapt4 0.923     4   old        0
69   9 2.081434e-03 2.576048e-03 nonadapt nonadapt4 0.923     4   old        0
70  10 2.106095e-03 1.726705e-03 nonadapt nonadapt4 0.923     4   old        0
71   1 2.347905e-02 5.591370e-03     grad     grad4 2.567     4   old        0
72   2 2.304403e-02 1.222456e-03     grad     grad4 2.567     4   old        0
73   3 1.671779e-02 1.444693e-03     grad     grad4 2.567     4   old        0
74   4 3.165098e-02 1.823331e-03     grad     grad4 2.567     4   old        0
75   5 1.146534e-03 2.163318e-02     grad     grad4 2.567     4   old        0
76   6 6.395304e-04 1.427409e-02     grad     grad4 2.567     4   old        0
77   7 2.431323e-04 1.224218e-02     grad     grad4 2.567     4   old        0
78   8 9.050044e-05 9.220732e-03     grad     grad4 2.567     4   old        0
79   9 5.685904e-05 7.597946e-03     grad     grad4 2.567     4   old        0
80  10 6.991093e-05 6.837096e-03     grad     grad4 2.567     4   old        0
81   1 3.008171e-02 1.285071e-04 nonadapt nonadapt5 0.967     5   old        0
82   2 1.257337e-02 1.585594e-02 nonadapt nonadapt5 0.967     5   old        0
83   3 2.011652e-02 4.597482e-03 nonadapt nonadapt5 0.967     5   old        0
84   4 1.369772e-02 3.429340e-03 nonadapt nonadapt5 0.967     5   old        0
85   5 4.882150e-03 1.184333e-02 nonadapt nonadapt5 0.967     5   old        0
86   6 3.113851e-03 7.939807e-03 nonadapt nonadapt5 0.967     5   old        0
87   7 1.757834e-03 6.462539e-03 nonadapt nonadapt5 0.967     5   old        0
88   8 1.205691e-03 3.771303e-03 nonadapt nonadapt5 0.967     5   old        0
89   9 1.187099e-03 2.811156e-03 nonadapt nonadapt5 0.967     5   old        0
90  10 5.158679e-04 2.398958e-03 nonadapt nonadapt5 0.967     5   old        0
91   1 2.223021e-02 2.037845e-04     grad     grad5 2.556     5   old        0
92   2 1.834227e-02 3.374632e-03     grad     grad5 2.556     5   old        0
93   3 1.831593e-02 2.307207e-03     grad     grad5 2.556     5   old        0
94   4 1.712649e-02 3.009978e-03     grad     grad5 2.556     5   old        0
95   5 1.616300e-02 2.605298e-03     grad     grad5 2.556     5   old        0
96   6 6.606780e-04 1.369899e-02     grad     grad5 2.556     5   old        0
97   7 2.724126e-04 1.093661e-02     grad     grad5 2.556     5   old        0
98   8 1.659540e-04 8.632523e-03     grad     grad5 2.556     5   old        0
99   9 9.957636e-05 6.575463e-03     grad     grad5 2.556     5   old        0
100 10 1.056661e-04 5.011283e-03     grad     grad5 2.556     5   old        0
    force2
1    old_0
2    old_0
3    old_0
4    old_0
5    old_0
6    old_0
7    old_0
8    old_0
9    old_0
10   old_0
11   old_0
12   old_0
13   old_0
14   old_0
15   old_0
16   old_0
17   old_0
18   old_0
19   old_0
20   old_0
21   old_0
22   old_0
23   old_0
24   old_0
25   old_0
26   old_0
27   old_0
28   old_0
29   old_0
30   old_0
31   old_0
32   old_0
33   old_0
34   old_0
35   old_0
36   old_0
37   old_0
38   old_0
39   old_0
40   old_0
41   old_0
42   old_0
43   old_0
44   old_0
45   old_0
46   old_0
47   old_0
48   old_0
49   old_0
50   old_0
51   old_0
52   old_0
53   old_0
54   old_0
55   old_0
56   old_0
57   old_0
58   old_0
59   old_0
60   old_0
61   old_0
62   old_0
63   old_0
64   old_0
65   old_0
66   old_0
67   old_0
68   old_0
69   old_0
70   old_0
71   old_0
72   old_0
73   old_0
74   old_0
75   old_0
76   old_0
77   old_0
78   old_0
79   old_0
80   old_0
81   old_0
82   old_0
83   old_0
84   old_0
85   old_0
86   old_0
87   old_0
88   old_0
89   old_0
90   old_0
91   old_0
92   old_0
93   old_0
94   old_0
95   old_0
96   old_0
97   old_0
98   old_0
99   old_0
100  old_0
> 
> proc.time()
   user  system elapsed 
 18.813   0.168  22.135 
